[     153ms] [WARNING] THREE.Clock: This module has been deprecated. Please use THREE.Timer instead. @ http://localhost:5176/@vite/client:509
[     246ms] [WARNING] using deprecated parameters for the initialization function; pass a single object instead @ http://localhost:5176/@vite/client:509
[     259ms] [WARNING] THREE.WebGLShadowMap: PCFSoftShadowMap has been deprecated. Using PCFShadowMap instead. @ http://localhost:5176/@vite/client:509
[    1297ms] [WARNING] [.WebGL-0x69c00132c00]GL Driver Message (OpenGL, Performance, GL_CLOSE_PATH_NV, High): GPU stall due to ReadPixels @ http://localhost:5176/:0
[    1489ms] [WARNING] [.WebGL-0x69c00132c00]GL Driver Message (OpenGL, Performance, GL_CLOSE_PATH_NV, High): GPU stall due to ReadPixels @ http://localhost:5176/:0
[    1696ms] [WARNING] [.WebGL-0x69c00132c00]GL Driver Message (OpenGL, Performance, GL_CLOSE_PATH_NV, High): GPU stall due to ReadPixels @ http://localhost:5176/:0
[    2125ms] [WARNING] [.WebGL-0x69c00132c00]GL Driver Message (OpenGL, Performance, GL_CLOSE_PATH_NV, High): GPU stall due to ReadPixels (this message will no longer repeat) @ http://localhost:5176/:0
[    2959ms] [ERROR] THREE.GLTFLoader: Couldn't load texture Textures/colormap.png @ http://localhost:5176/@vite/client:509
[    3191ms] [ERROR] THREE.GLTFLoader: Couldn't load texture Textures/colormap.png @ http://localhost:5176/@vite/client:509
[    3193ms] [ERROR] THREE.GLTFLoader: Couldn't load texture Textures/colormap.png @ http://localhost:5176/@vite/client:509
[    3195ms] [ERROR] THREE.GLTFLoader: Couldn't load texture Textures/colormap.png @ http://localhost:5176/@vite/client:509
[    3195ms] [ERROR] THREE.GLTFLoader: Couldn't load texture Textures/colormap.png @ http://localhost:5176/@vite/client:509
[    3196ms] [ERROR] THREE.GLTFLoader: Couldn't load texture Textures/colormap.png @ http://localhost:5176/@vite/client:509
[    3196ms] [ERROR] THREE.GLTFLoader: Couldn't load texture Textures/colormap.png @ http://localhost:5176/@vite/client:509
[    3196ms] [ERROR] THREE.GLTFLoader: Couldn't load texture Textures/colormap.png @ http://localhost:5176/@vite/client:509
[    3197ms] [ERROR] THREE.GLTFLoader: Couldn't load texture Textures/colormap.png @ http://localhost:5176/@vite/client:509
[    3197ms] [ERROR] THREE.GLTFLoader: Couldn't load texture Textures/colormap.png @ http://localhost:5176/@vite/client:509
[    3198ms] [ERROR] THREE.GLTFLoader: Couldn't load texture Textures/colormap.png @ http://localhost:5176/@vite/client:509
[    3198ms] [ERROR] THREE.GLTFLoader: Couldn't load texture Textures/colormap.png @ http://localhost:5176/@vite/client:509
[    3199ms] [ERROR] THREE.GLTFLoader: Couldn't load texture Textures/colormap.png @ http://localhost:5176/@vite/client:509
[    3199ms] [ERROR] THREE.GLTFLoader: Couldn't load texture Textures/colormap.png @ http://localhost:5176/@vite/client:509
[    3199ms] [ERROR] THREE.GLTFLoader: Couldn't load texture Textures/colormap.png @ http://localhost:5176/@vite/client:509
[    3200ms] [ERROR] THREE.GLTFLoader: Couldn't load texture Textures/colormap.png @ http://localhost:5176/@vite/client:509
[    3200ms] [ERROR] THREE.GLTFLoader: Couldn't load texture Textures/colormap.png @ http://localhost:5176/@vite/client:509
[    3201ms] [ERROR] THREE.GLTFLoader: Couldn't load texture Textures/colormap.png @ http://localhost:5176/@vite/client:509
[    3201ms] [ERROR] THREE.GLTFLoader: Couldn't load texture Textures/colormap.png @ http://localhost:5176/@vite/client:509
[    3202ms] [ERROR] THREE.GLTFLoader: Couldn't load texture Textures/colormap.png @ http://localhost:5176/@vite/client:509
[    3203ms] [ERROR] THREE.GLTFLoader: Couldn't load texture Textures/colormap.png @ http://localhost:5176/@vite/client:509
[    3204ms] [ERROR] THREE.GLTFLoader: Couldn't load texture Textures/colormap.png @ http://localhost:5176/@vite/client:509
[    3205ms] [ERROR] THREE.GLTFLoader: Couldn't load texture Textures/colormap.png @ http://localhost:5176/@vite/client:509
[    3205ms] [ERROR] THREE.GLTFLoader: Couldn't load texture Textures/colormap.png @ http://localhost:5176/@vite/client:509
[    3206ms] [ERROR] THREE.GLTFLoader: Couldn't load texture Textures/colormap.png @ http://localhost:5176/@vite/client:509
[    3206ms] [ERROR] THREE.GLTFLoader: Couldn't load texture Textures/colormap.png @ http://localhost:5176/@vite/client:509
[    3206ms] [ERROR] THREE.GLTFLoader: Couldn't load texture Textures/colormap.png @ http://localhost:5176/@vite/client:509
[    3207ms] [ERROR] THREE.GLTFLoader: Couldn't load texture Textures/colormap.png @ http://localhost:5176/@vite/client:509
[    3207ms] [ERROR] THREE.GLTFLoader: Couldn't load texture Textures/colormap.png @ http://localhost:5176/@vite/client:509
[    3207ms] [ERROR] THREE.GLTFLoader: Couldn't load texture Textures/colormap.png @ http://localhost:5176/@vite/client:509
[    3208ms] [ERROR] THREE.GLTFLoader: Couldn't load texture Textures/colormap.png @ http://localhost:5176/@vite/client:509
[    3208ms] [ERROR] THREE.GLTFLoader: Couldn't load texture Textures/colormap.png @ http://localhost:5176/@vite/client:509
[    3209ms] [ERROR] THREE.GLTFLoader: Couldn't load texture Textures/colormap.png @ http://localhost:5176/@vite/client:509
[    3209ms] [ERROR] THREE.GLTFLoader: Couldn't load texture Textures/colormap.png @ http://localhost:5176/@vite/client:509
[    3209ms] [ERROR] THREE.GLTFLoader: Couldn't load texture Textures/colormap.png @ http://localhost:5176/@vite/client:509
[    3210ms] [ERROR] THREE.GLTFLoader: Couldn't load texture Textures/colormap.png @ http://localhost:5176/@vite/client:509
[    3210ms] [ERROR] THREE.GLTFLoader: Couldn't load texture Textures/colormap.png @ http://localhost:5176/@vite/client:509
[    3210ms] [ERROR] THREE.GLTFLoader: Couldn't load texture Textures/colormap.png @ http://localhost:5176/@vite/client:509
[    3211ms] [ERROR] THREE.GLTFLoader: Couldn't load texture Textures/colormap.png @ http://localhost:5176/@vite/client:509
[    3211ms] [ERROR] THREE.GLTFLoader: Couldn't load texture Textures/colormap.png @ http://localhost:5176/@vite/client:509
[    3212ms] [ERROR] THREE.GLTFLoader: Couldn't load texture Textures/colormap.png @ http://localhost:5176/@vite/client:509
[    3212ms] [ERROR] THREE.GLTFLoader: Couldn't load texture Textures/colormap.png @ http://localhost:5176/@vite/client:509
[    3212ms] [ERROR] THREE.GLTFLoader: Couldn't load texture Textures/colormap.png @ http://localhost:5176/@vite/client:509
[    3213ms] [ERROR] THREE.GLTFLoader: Couldn't load texture Textures/colormap.png @ http://localhost:5176/@vite/client:509
[    3213ms] [ERROR] THREE.GLTFLoader: Couldn't load texture Textures/colormap.png @ http://localhost:5176/@vite/client:509
[    3213ms] [ERROR] THREE.GLTFLoader: Couldn't load texture Textures/colormap.png @ http://localhost:5176/@vite/client:509
[    3213ms] [ERROR] THREE.GLTFLoader: Couldn't load texture Textures/colormap.png @ http://localhost:5176/@vite/client:509
[    3214ms] [ERROR] THREE.GLTFLoader: Couldn't load texture Textures/colormap.png @ http://localhost:5176/@vite/client:509
[    3214ms] [ERROR] THREE.GLTFLoader: Couldn't load texture Textures/colormap.png @ http://localhost:5176/@vite/client:509
[    3214ms] [ERROR] THREE.GLTFLoader: Couldn't load texture Textures/colormap.png @ http://localhost:5176/@vite/client:509
[    3214ms] [ERROR] THREE.GLTFLoader: Couldn't load texture Textures/colormap.png @ http://localhost:5176/@vite/client:509
[    3215ms] [ERROR] THREE.GLTFLoader: Couldn't load texture Textures/colormap.png @ http://localhost:5176/@vite/client:509
[    3215ms] [ERROR] THREE.GLTFLoader: Couldn't load texture Textures/colormap.png @ http://localhost:5176/@vite/client:509
[    3215ms] [ERROR] THREE.GLTFLoader: Couldn't load texture Textures/colormap.png @ http://localhost:5176/@vite/client:509
[    3215ms] [ERROR] THREE.GLTFLoader: Couldn't load texture Textures/colormap.png @ http://localhost:5176/@vite/client:509
[    3216ms] [ERROR] THREE.GLTFLoader: Couldn't load texture Textures/colormap.png @ http://localhost:5176/@vite/client:509
[    3216ms] [ERROR] THREE.GLTFLoader: Couldn't load texture Textures/colormap.png @ http://localhost:5176/@vite/client:509
[    3216ms] [ERROR] THREE.GLTFLoader: Couldn't load texture Textures/colormap.png @ http://localhost:5176/@vite/client:509
[    3216ms] [ERROR] THREE.GLTFLoader: Couldn't load texture Textures/colormap.png @ http://localhost:5176/@vite/client:509
[    3217ms] [ERROR] THREE.GLTFLoader: Couldn't load texture Textures/colormap.png @ http://localhost:5176/@vite/client:509
[    3217ms] [ERROR] THREE.GLTFLoader: Couldn't load texture Textures/colormap.png @ http://localhost:5176/@vite/client:509
[    3217ms] [ERROR] THREE.GLTFLoader: Couldn't load texture Textures/colormap.png @ http://localhost:5176/@vite/client:509
[    3218ms] [ERROR] THREE.GLTFLoader: Couldn't load texture Textures/colormap.png @ http://localhost:5176/@vite/client:509
[    3218ms] [ERROR] THREE.GLTFLoader: Couldn't load texture Textures/colormap.png @ http://localhost:5176/@vite/client:509
[    3218ms] [ERROR] THREE.GLTFLoader: Couldn't load texture Textures/colormap.png @ http://localhost:5176/@vite/client:509
[    3219ms] [ERROR] THREE.GLTFLoader: Couldn't load texture Textures/colormap.png @ http://localhost:5176/@vite/client:509
[    3219ms] [ERROR] THREE.GLTFLoader: Couldn't load texture Textures/colormap.png @ http://localhost:5176/@vite/client:509
[    3220ms] [ERROR] THREE.GLTFLoader: Couldn't load texture Textures/colormap.png @ http://localhost:5176/@vite/client:509
[    3220ms] [ERROR] THREE.GLTFLoader: Couldn't load texture Textures/colormap.png @ http://localhost:5176/@vite/client:509
[    3220ms] [ERROR] THREE.GLTFLoader: Couldn't load texture Textures/colormap.png @ http://localhost:5176/@vite/client:509
[    3220ms] [ERROR] THREE.GLTFLoader: Couldn't load texture Textures/colormap.png @ http://localhost:5176/@vite/client:509
[    3221ms] [ERROR] THREE.GLTFLoader: Couldn't load texture Textures/colormap.png @ http://localhost:5176/@vite/client:509
[    3221ms] [ERROR] THREE.GLTFLoader: Couldn't load texture Textures/colormap.png @ http://localhost:5176/@vite/client:509
[    3222ms] [ERROR] THREE.GLTFLoader: Couldn't load texture Textures/colormap.png @ http://localhost:5176/@vite/client:509
[    3222ms] [ERROR] THREE.GLTFLoader: Couldn't load texture Textures/colormap.png @ http://localhost:5176/@vite/client:509
[    3222ms] [ERROR] THREE.GLTFLoader: Couldn't load texture Textures/colormap.png @ http://localhost:5176/@vite/client:509
[    3222ms] [ERROR] THREE.GLTFLoader: Couldn't load texture Textures/colormap.png @ http://localhost:5176/@vite/client:509
[    3223ms] [ERROR] THREE.GLTFLoader: Couldn't load texture Textures/colormap.png @ http://localhost:5176/@vite/client:509
[    3223ms] [ERROR] THREE.GLTFLoader: Couldn't load texture Textures/colormap.png @ http://localhost:5176/@vite/client:509
[    3223ms] [ERROR] THREE.GLTFLoader: Couldn't load texture Textures/colormap.png @ http://localhost:5176/@vite/client:509
[    3224ms] [ERROR] THREE.GLTFLoader: Couldn't load texture Textures/colormap.png @ http://localhost:5176/@vite/client:509
[   40975ms] [WARNING] THREE.Clock: This module has been deprecated. Please use THREE.Timer instead. @ http://localhost:5176/@vite/client:509
[   41051ms] [WARNING] using deprecated parameters for the initialization function; pass a single object instead @ http://localhost:5176/@vite/client:509
[   41055ms] [WARNING] THREE.WebGLShadowMap: PCFSoftShadowMap has been deprecated. Using PCFShadowMap instead. @ http://localhost:5176/@vite/client:509
[   42624ms] [ERROR] THREE.GLTFLoader: Couldn't load texture Textures/colormap.png @ http://localhost:5176/@vite/client:509
[   42763ms] [ERROR] THREE.GLTFLoader: Couldn't load texture Textures/colormap.png @ http://localhost:5176/@vite/client:509
[   42764ms] [ERROR] THREE.GLTFLoader: Couldn't load texture Textures/colormap.png @ http://localhost:5176/@vite/client:509
[   42764ms] [ERROR] THREE.GLTFLoader: Couldn't load texture Textures/colormap.png @ http://localhost:5176/@vite/client:509
[   42765ms] [ERROR] THREE.GLTFLoader: Couldn't load texture Textures/colormap.png @ http://localhost:5176/@vite/client:509
[   42765ms] [ERROR] THREE.GLTFLoader: Couldn't load texture Textures/colormap.png @ http://localhost:5176/@vite/client:509
[   42765ms] [ERROR] THREE.GLTFLoader: Couldn't load texture Textures/colormap.png @ http://localhost:5176/@vite/client:509
[   42766ms] [ERROR] THREE.GLTFLoader: Couldn't load texture Textures/colormap.png @ http://localhost:5176/@vite/client:509
[   42766ms] [ERROR] THREE.GLTFLoader: Couldn't load texture Textures/colormap.png @ http://localhost:5176/@vite/client:509
[   42766ms] [ERROR] THREE.GLTFLoader: Couldn't load texture Textures/colormap.png @ http://localhost:5176/@vite/client:509
[   42767ms] [ERROR] THREE.GLTFLoader: Couldn't load texture Textures/colormap.png @ http://localhost:5176/@vite/client:509
[   42767ms] [ERROR] THREE.GLTFLoader: Couldn't load texture Textures/colormap.png @ http://localhost:5176/@vite/client:509
[   42768ms] [ERROR] THREE.GLTFLoader: Couldn't load texture Textures/colormap.png @ http://localhost:5176/@vite/client:509
[   42768ms] [ERROR] THREE.GLTFLoader: Couldn't load texture Textures/colormap.png @ http://localhost:5176/@vite/client:509
[   42768ms] [ERROR] THREE.GLTFLoader: Couldn't load texture Textures/colormap.png @ http://localhost:5176/@vite/client:509
[   42769ms] [ERROR] THREE.GLTFLoader: Couldn't load texture Textures/colormap.png @ http://localhost:5176/@vite/client:509
[   42769ms] [ERROR] THREE.GLTFLoader: Couldn't load texture Textures/colormap.png @ http://localhost:5176/@vite/client:509
[   42769ms] [ERROR] THREE.GLTFLoader: Couldn't load texture Textures/colormap.png @ http://localhost:5176/@vite/client:509
[   42770ms] [ERROR] THREE.GLTFLoader: Couldn't load texture Textures/colormap.png @ http://localhost:5176/@vite/client:509
[   42771ms] [ERROR] THREE.GLTFLoader: Couldn't load texture Textures/colormap.png @ http://localhost:5176/@vite/client:509
[   42772ms] [ERROR] THREE.GLTFLoader: Couldn't load texture Textures/colormap.png @ http://localhost:5176/@vite/client:509
[   42772ms] [ERROR] THREE.GLTFLoader: Couldn't load texture Textures/colormap.png @ http://localhost:5176/@vite/client:509
[   42774ms] [ERROR] THREE.GLTFLoader: Couldn't load texture Textures/colormap.png @ http://localhost:5176/@vite/client:509
[   42774ms] [ERROR] THREE.GLTFLoader: Couldn't load texture Textures/colormap.png @ http://localhost:5176/@vite/client:509
[   42775ms] [ERROR] THREE.GLTFLoader: Couldn't load texture Textures/colormap.png @ http://localhost:5176/@vite/client:509
[   42775ms] [ERROR] THREE.GLTFLoader: Couldn't load texture Textures/colormap.png @ http://localhost:5176/@vite/client:509
[   42776ms] [ERROR] THREE.GLTFLoader: Couldn't load texture Textures/colormap.png @ http://localhost:5176/@vite/client:509
[   42776ms] [ERROR] THREE.GLTFLoader: Couldn't load texture Textures/colormap.png @ http://localhost:5176/@vite/client:509
[   42777ms] [ERROR] THREE.GLTFLoader: Couldn't load texture Textures/colormap.png @ http://localhost:5176/@vite/client:509
[   42777ms] [ERROR] THREE.GLTFLoader: Couldn't load texture Textures/colormap.png @ http://localhost:5176/@vite/client:509
[   42778ms] [ERROR] THREE.GLTFLoader: Couldn't load texture Textures/colormap.png @ http://localhost:5176/@vite/client:509
[   42778ms] [ERROR] THREE.GLTFLoader: Couldn't load texture Textures/colormap.png @ http://localhost:5176/@vite/client:509
[   42778ms] [ERROR] THREE.GLTFLoader: Couldn't load texture Textures/colormap.png @ http://localhost:5176/@vite/client:509
[   42779ms] [ERROR] THREE.GLTFLoader: Couldn't load texture Textures/colormap.png @ http://localhost:5176/@vite/client:509
[   42779ms] [ERROR] THREE.GLTFLoader: Couldn't load texture Textures/colormap.png @ http://localhost:5176/@vite/client:509
[   42779ms] [ERROR] THREE.GLTFLoader: Couldn't load texture Textures/colormap.png @ http://localhost:5176/@vite/client:509
[   42779ms] [ERROR] THREE.GLTFLoader: Couldn't load texture Textures/colormap.png @ http://localhost:5176/@vite/client:509
[   42780ms] [ERROR] THREE.GLTFLoader: Couldn't load texture Textures/colormap.png @ http://localhost:5176/@vite/client:509
[   42780ms] [ERROR] THREE.GLTFLoader: Couldn't load texture Textures/colormap.png @ http://localhost:5176/@vite/client:509
[   42780ms] [ERROR] THREE.GLTFLoader: Couldn't load texture Textures/colormap.png @ http://localhost:5176/@vite/client:509
[   42780ms] [ERROR] THREE.GLTFLoader: Couldn't load texture Textures/colormap.png @ http://localhost:5176/@vite/client:509
[   42781ms] [ERROR] THREE.GLTFLoader: Couldn't load texture Textures/colormap.png @ http://localhost:5176/@vite/client:509
[   42781ms] [ERROR] THREE.GLTFLoader: Couldn't load texture Textures/colormap.png @ http://localhost:5176/@vite/client:509
[   42782ms] [ERROR] THREE.GLTFLoader: Couldn't load texture Textures/colormap.png @ http://localhost:5176/@vite/client:509
[   42782ms] [ERROR] THREE.GLTFLoader: Couldn't load texture Textures/colormap.png @ http://localhost:5176/@vite/client:509
[   42783ms] [ERROR] THREE.GLTFLoader: Couldn't load texture Textures/colormap.png @ http://localhost:5176/@vite/client:509
[   42783ms] [ERROR] THREE.GLTFLoader: Couldn't load texture Textures/colormap.png @ http://localhost:5176/@vite/client:509
[   42783ms] [ERROR] THREE.GLTFLoader: Couldn't load texture Textures/colormap.png @ http://localhost:5176/@vite/client:509
[   42783ms] [ERROR] THREE.GLTFLoader: Couldn't load texture Textures/colormap.png @ http://localhost:5176/@vite/client:509
[   42784ms] [ERROR] THREE.GLTFLoader: Couldn't load texture Textures/colormap.png @ http://localhost:5176/@vite/client:509
[   42784ms] [ERROR] THREE.GLTFLoader: Couldn't load texture Textures/colormap.png @ http://localhost:5176/@vite/client:509
[   42784ms] [ERROR] THREE.GLTFLoader: Couldn't load texture Textures/colormap.png @ http://localhost:5176/@vite/client:509
[   42784ms] [ERROR] THREE.GLTFLoader: Couldn't load texture Textures/colormap.png @ http://localhost:5176/@vite/client:509
[   42785ms] [ERROR] THREE.GLTFLoader: Couldn't load texture Textures/colormap.png @ http://localhost:5176/@vite/client:509
[   42785ms] [ERROR] THREE.GLTFLoader: Couldn't load texture Textures/colormap.png @ http://localhost:5176/@vite/client:509
[   42786ms] [ERROR] THREE.GLTFLoader: Couldn't load texture Textures/colormap.png @ http://localhost:5176/@vite/client:509
[   42786ms] [ERROR] THREE.GLTFLoader: Couldn't load texture Textures/colormap.png @ http://localhost:5176/@vite/client:509
[   42786ms] [ERROR] THREE.GLTFLoader: Couldn't load texture Textures/colormap.png @ http://localhost:5176/@vite/client:509
[   42787ms] [ERROR] THREE.GLTFLoader: Couldn't load texture Textures/colormap.png @ http://localhost:5176/@vite/client:509
[   42787ms] [ERROR] THREE.GLTFLoader: Couldn't load texture Textures/colormap.png @ http://localhost:5176/@vite/client:509
[   42787ms] [ERROR] THREE.GLTFLoader: Couldn't load texture Textures/colormap.png @ http://localhost:5176/@vite/client:509
[   42787ms] [ERROR] THREE.GLTFLoader: Couldn't load texture Textures/colormap.png @ http://localhost:5176/@vite/client:509
[   42788ms] [ERROR] THREE.GLTFLoader: Couldn't load texture Textures/colormap.png @ http://localhost:5176/@vite/client:509
[   42788ms] [ERROR] THREE.GLTFLoader: Couldn't load texture Textures/colormap.png @ http://localhost:5176/@vite/client:509
[   42788ms] [ERROR] THREE.GLTFLoader: Couldn't load texture Textures/colormap.png @ http://localhost:5176/@vite/client:509
[   42789ms] [ERROR] THREE.GLTFLoader: Couldn't load texture Textures/colormap.png @ http://localhost:5176/@vite/client:509
[   42789ms] [ERROR] THREE.GLTFLoader: Couldn't load texture Textures/colormap.png @ http://localhost:5176/@vite/client:509
[   42790ms] [ERROR] THREE.GLTFLoader: Couldn't load texture Textures/colormap.png @ http://localhost:5176/@vite/client:509
[   42790ms] [ERROR] THREE.GLTFLoader: Couldn't load texture Textures/colormap.png @ http://localhost:5176/@vite/client:509
[   42790ms] [ERROR] THREE.GLTFLoader: Couldn't load texture Textures/colormap.png @ http://localhost:5176/@vite/client:509
[   42791ms] [ERROR] THREE.GLTFLoader: Couldn't load texture Textures/colormap.png @ http://localhost:5176/@vite/client:509
[   42791ms] [ERROR] THREE.GLTFLoader: Couldn't load texture Textures/colormap.png @ http://localhost:5176/@vite/client:509
[   42791ms] [ERROR] THREE.GLTFLoader: Couldn't load texture Textures/colormap.png @ http://localhost:5176/@vite/client:509
[   42791ms] [ERROR] THREE.GLTFLoader: Couldn't load texture Textures/colormap.png @ http://localhost:5176/@vite/client:509
[   42792ms] [ERROR] THREE.GLTFLoader: Couldn't load texture Textures/colormap.png @ http://localhost:5176/@vite/client:509
[   42792ms] [ERROR] THREE.GLTFLoader: Couldn't load texture Textures/colormap.png @ http://localhost:5176/@vite/client:509
[   42792ms] [ERROR] THREE.GLTFLoader: Couldn't load texture Textures/colormap.png @ http://localhost:5176/@vite/client:509
[   42793ms] [ERROR] THREE.GLTFLoader: Couldn't load texture Textures/colormap.png @ http://localhost:5176/@vite/client:509
[   42793ms] [ERROR] THREE.GLTFLoader: Couldn't load texture Textures/colormap.png @ http://localhost:5176/@vite/client:509
[   42794ms] [ERROR] THREE.GLTFLoader: Couldn't load texture Textures/colormap.png @ http://localhost:5176/@vite/client:509
[   42794ms] [ERROR] THREE.GLTFLoader: Couldn't load texture Textures/colormap.png @ http://localhost:5176/@vite/client:509
[  130871ms] [LOG] [vite] server connection lost. Polling for restart... @ http://localhost:5176/@vite/client:968
