[     125ms] [WARNING] THREE.Clock: This module has been deprecated. Please use THREE.Timer instead. @ http://localhost:5173/@vite/client:509
[     181ms] [WARNING] THREE.WebGLShadowMap: PCFSoftShadowMap has been deprecated. Using PCFShadowMap instead. @ http://localhost:5173/@vite/client:509
[    1347ms] [WARNING] [.WebGL-0x38dc00135a00]GL Driver Message (OpenGL, Performance, GL_CLOSE_PATH_NV, High): GPU stall due to ReadPixels @ http://localhost:5173/:0
[    1539ms] [WARNING] [.WebGL-0x38dc00135a00]GL Driver Message (OpenGL, Performance, GL_CLOSE_PATH_NV, High): GPU stall due to ReadPixels @ http://localhost:5173/:0
[    1680ms] [WARNING] [.WebGL-0x38dc00135a00]GL Driver Message (OpenGL, Performance, GL_CLOSE_PATH_NV, High): GPU stall due to ReadPixels @ http://localhost:5173/:0
[    1801ms] [WARNING] [.WebGL-0x38dc00135a00]GL Driver Message (OpenGL, Performance, GL_CLOSE_PATH_NV, High): GPU stall due to ReadPixels (this message will no longer repeat) @ http://localhost:5173/:0
[  205904ms] [WARNING] THREE.Clock: This module has been deprecated. Please use THREE.Timer instead. @ http://localhost:5173/@vite/client:509
[  205952ms] [WARNING] THREE.WebGLShadowMap: PCFSoftShadowMap has been deprecated. Using PCFShadowMap instead. @ http://localhost:5173/@vite/client:509
[  328579ms] [WARNING] THREE.Clock: This module has been deprecated. Please use THREE.Timer instead. @ http://localhost:5173/@vite/client:509
[  328622ms] ReferenceError: PostProcessing is not defined
    at new App (http://localhost:5173/src2/App.ts?t=1776538153238:42:19)
    at http://localhost:5173/src2/main.ts?t=1776538153238:4:13
[  331444ms] [WARNING] THREE.Clock: This module has been deprecated. Please use THREE.Timer instead. @ http://localhost:5173/@vite/client:509
[  331480ms] ReferenceError: PostProcessing is not defined
    at new App (http://localhost:5173/src2/App.ts?t=1776538156661:41:19)
    at http://localhost:5173/src2/main.ts?t=1776538156661:4:13
[  334208ms] [WARNING] THREE.Clock: This module has been deprecated. Please use THREE.Timer instead. @ http://localhost:5173/@vite/client:509
[  334259ms] TypeError: Cannot read properties of undefined (reading 'render')
    at tick (http://localhost:5173/src2/App.ts?t=1776538159426:93:13)
    at onAnimationFrame (http://localhost:5173/node_modules/.vite/deps/three.module-6jCklUtu.js?v=3ce4f63b:50670:34)
    at onAnimationFrame (http://localhost:5173/node_modules/.vite/deps/three.module-6jCklUtu.js?v=3ce4f63b:40828:3)
[  338307ms] [WARNING] THREE.Clock: This module has been deprecated. Please use THREE.Timer instead. @ http://localhost:5173/@vite/client:509
[  338354ms] [WARNING] THREE.WebGLShadowMap: PCFSoftShadowMap has been deprecated. Using PCFShadowMap instead. @ http://localhost:5173/@vite/client:509
[  339627ms] [WARNING] THREE.Clock: This module has been deprecated. Please use THREE.Timer instead. @ http://localhost:5173/@vite/client:509
[  339674ms] [WARNING] THREE.WebGLShadowMap: PCFSoftShadowMap has been deprecated. Using PCFShadowMap instead. @ http://localhost:5173/@vite/client:509
[  341950ms] [WARNING] THREE.Clock: This module has been deprecated. Please use THREE.Timer instead. @ http://localhost:5173/@vite/client:509
[  342001ms] [WARNING] THREE.WebGLShadowMap: PCFSoftShadowMap has been deprecated. Using PCFShadowMap instead. @ http://localhost:5173/@vite/client:509
